2025-03-24 13:10:01,193 [ERROR] ConfigurationRetriever:142 - IOException on connection: sw-center.st.com
2025-03-24 13:10:01,200 [ERROR] ConfigurationRetriever:142 - IOException on connection: sw-center.st.com
2025-03-24 13:10:01,201 [ERROR] ConfigurationRetriever:142 - IOException on connection: sw-center.st.com
2025-03-24 13:10:04,472 [ERROR] LogOutputStream:75 - [STDERR_REDIRECT] 
2025-03-24 22:57:13,127 [INFO] Activator:176 - 


2025-03-24 22:57:13,129 [INFO] Activator:177 - !SESSION log4j initialized
2025-03-24 22:57:20,405 [INFO] LogOutputStream:77 - [STDOUT_REDIRECT] 
2025-03-24 22:57:21,807 [INFO] ApplicationProperties:184 - Using Application install path: C:\ST\STM32CubeIDE_1.18.0\STM32CubeIDE\plugins\com.st.stm32cube.common.mx_6.14.0.202502271554
2025-03-24 22:57:21,826 [INFO] DbMcusXml:78 - Set database path to: C:\ST\STM32CubeIDE_1.18.0\STM32CubeIDE\plugins\com.st.stm32cube.common.mx_6.14.0.202502271554\\db\/mcu/
2025-03-24 22:57:21,826 [INFO] ApiDb:274 - Set plugin database path to: C:\ST\STM32CubeIDE_1.18.0\STM32CubeIDE\plugins\com.st.stm32cube.common.mx_6.14.0.202502271554\\db\/plugins/boardmanager/
2025-03-24 22:57:21,826 [WARN] ApiDb:259 - Overriding images path with different value:  => C:\ST\STM32CubeIDE_1.18.0\STM32CubeIDE\plugins\com.st.stm32cube.common.mx_6.14.0.202502271554\\db\/plugins/mcufinder/images/
2025-03-24 22:57:21,835 [INFO] ApiDb:250 - Set database path to: C:\Users\robby\.stmcufinder\plugins\mcufinder//mcu/
2025-03-24 22:57:21,837 [INFO] DbMcusAds:125 - Set database path to: C:\Users\robby\.stmcufinder\plugins\mcufinder//mcu/
2025-03-24 22:57:21,839 [INFO] CrossReferenceDbSqlite:203 - Set database path to: C:\Users\robby\.stmcufinder\plugins\mcufinder//mcu/cs/
2025-03-24 22:57:22,008 [INFO] RulesReader:64 - Compatibility file has been processed (301 Rules)
2025-03-24 22:57:22,107 [INFO] DbMcusXml:78 - Set database path to: C:\ST\STM32CubeIDE_1.18.0\STM32CubeIDE\plugins\com.st.stm32cube.common.mx_6.14.0.202502271554\\db\/mcu/
2025-03-24 22:57:22,107 [INFO] ApiDb:274 - Set plugin database path to: C:\ST\STM32CubeIDE_1.18.0\STM32CubeIDE\plugins\com.st.stm32cube.common.mx_6.14.0.202502271554\\db\/plugins/boardmanager/
2025-03-24 22:57:22,107 [INFO] ApiDb:261 - Set plugin images path to: C:\ST\STM32CubeIDE_1.18.0\STM32CubeIDE\plugins\com.st.stm32cube.common.mx_6.14.0.202502271554\\db\/plugins/mcufinder/images/
2025-03-24 22:57:22,108 [WARN] DbFile:41 - Overriding database path with different value: C:\Users\robby\.stmcufinder\plugins\mcufinder/ => C:\Users\robby\.stmcufinder\plugins\mcufinder
2025-03-24 22:57:22,108 [INFO] ApiDb:250 - Set database path to: C:\Users\robby\.stmcufinder\plugins\mcufinder//mcu/
2025-03-24 22:57:22,108 [WARN] DbFile:41 - Overriding database path with different value: C:\Users\robby\.stmcufinder\plugins\mcufinder/ => C:\Users\robby\.stmcufinder\plugins\mcufinder
2025-03-24 22:57:22,108 [INFO] DbMcusAds:125 - Set database path to: C:\Users\robby\.stmcufinder\plugins\mcufinder//mcu/
2025-03-24 22:57:22,108 [WARN] DbFile:41 - Overriding database path with different value: C:\Users\robby\.stmcufinder\plugins\mcufinder/ => C:\Users\robby\.stmcufinder\plugins\mcufinder
2025-03-24 22:57:22,108 [WARN] DbFile:41 - Overriding database path with different value: C:\Users\robby\.stmcufinder\plugins\mcufinder/ => C:\Users\robby\.stmcufinder\plugins\mcufinder
2025-03-24 22:57:22,108 [INFO] CrossReferenceDbSqlite:203 - Set database path to: C:\Users\robby\.stmcufinder\plugins\mcufinder//mcu/cs/
2025-03-24 22:57:22,196 [INFO] MainPanel:272 - HeapMemory: 268435456
2025-03-24 22:57:22,302 [INFO] DbMcusXml:78 - Set database path to: C:\ST\STM32CubeIDE_1.18.0\STM32CubeIDE\plugins\com.st.stm32cube.common.mx_6.14.0.202502271554\\db\/mcu/
2025-03-24 22:57:22,302 [INFO] ApiDb:274 - Set plugin database path to: C:\ST\STM32CubeIDE_1.18.0\STM32CubeIDE\plugins\com.st.stm32cube.common.mx_6.14.0.202502271554\\db\/plugins/boardmanager/
2025-03-24 22:57:22,302 [INFO] ApiDb:261 - Set plugin images path to: C:\ST\STM32CubeIDE_1.18.0\STM32CubeIDE\plugins\com.st.stm32cube.common.mx_6.14.0.202502271554\\db\/plugins/mcufinder/images/
2025-03-24 22:57:22,303 [WARN] DbFile:41 - Overriding database path with different value: C:\Users\robby\.stmcufinder\plugins\mcufinder/ => C:\Users\robby\.stmcufinder\plugins\mcufinder
2025-03-24 22:57:22,303 [INFO] ApiDb:250 - Set database path to: C:\Users\robby\.stmcufinder\plugins\mcufinder//mcu/
2025-03-24 22:57:22,303 [WARN] DbFile:41 - Overriding database path with different value: C:\Users\robby\.stmcufinder\plugins\mcufinder/ => C:\Users\robby\.stmcufinder\plugins\mcufinder
2025-03-24 22:57:22,303 [INFO] DbMcusAds:125 - Set database path to: C:\Users\robby\.stmcufinder\plugins\mcufinder//mcu/
2025-03-24 22:57:22,303 [WARN] DbFile:41 - Overriding database path with different value: C:\Users\robby\.stmcufinder\plugins\mcufinder/ => C:\Users\robby\.stmcufinder\plugins\mcufinder
2025-03-24 22:57:22,303 [WARN] DbFile:41 - Overriding database path with different value: C:\Users\robby\.stmcufinder\plugins\mcufinder/ => C:\Users\robby\.stmcufinder\plugins\mcufinder
2025-03-24 22:57:22,303 [INFO] CrossReferenceDbSqlite:203 - Set database path to: C:\Users\robby\.stmcufinder\plugins\mcufinder//mcu/cs/
2025-03-24 22:57:22,328 [INFO] ApplicationProperties:184 - Using Application install path: C:\ST\STM32CubeIDE_1.18.0\STM32CubeIDE\plugins\com.st.stm32cube.common.mx_6.14.0.202502271554
2025-03-24 22:57:22,332 [INFO] PluginManage:196 - Search for loadable plugins [exclusion list=, ]
2025-03-24 22:57:22,333 [INFO] PluginManage:310 - Check plugin analytics
2025-03-24 22:57:22,633 [INFO] AnalyticsPlugin:253 - Accepted Software Licenses: STM32CubeMX.6.12.0
2025-03-24 22:57:22,634 [INFO] AnalyticsPlugin:255 - Accepted CMSIS Pack Licenses: STMicroelectronics.X-CUBE-TOUCHGFX.4.25.0
2025-03-24 22:57:22,634 [INFO] AnalyticsPlugin:257 - Accepted Firmware Licenses: FW.F4.1.28.0,FW.F7.1.17.0,FW.C0.1.2.0
2025-03-24 22:57:22,638 [INFO] PluginManage:359 - Loaded plugin analytics (category:tool,tabindex:-1)
2025-03-24 22:57:22,638 [INFO] PluginManage:310 - Check plugin cadmodel
2025-03-24 22:57:22,648 [INFO] CADModel:105 - Init CAD model plugin
2025-03-24 22:57:22,648 [INFO] PluginManage:359 - Loaded plugin cadmodel (category:power,tabindex:5)
2025-03-24 22:57:22,648 [INFO] PluginManage:310 - Check plugin clock
2025-03-24 22:57:22,663 [INFO] PluginManage:359 - Loaded plugin clock (category:base,tabindex:2)
2025-03-24 22:57:22,663 [INFO] PluginManage:310 - Check plugin ddr
2025-03-24 22:57:22,667 [INFO] PluginManage:359 - Loaded plugin ddr (category:tool,tabindex:6)
2025-03-24 22:57:22,667 [INFO] PluginManage:310 - Check plugin filemanager
2025-03-24 22:57:22,893 [INFO] PluginManage:359 - Loaded plugin filemanager (category:base,tabindex:10)
2025-03-24 22:57:22,893 [INFO] PluginManage:310 - Check plugin ipmanager
2025-03-24 22:57:22,908 [INFO] PluginManage:359 - Loaded plugin ipmanager (category:base,tabindex:5)
2025-03-24 22:57:22,908 [INFO] PluginManage:310 - Check plugin lpbam
2025-03-24 22:57:22,923 [INFO] PluginManage:359 - Loaded plugin lpbam (category:base,tabindex:0)
2025-03-24 22:57:22,923 [INFO] PluginManage:310 - Check plugin memorymap
2025-03-24 22:57:22,942 [INFO] PluginManage:359 - Loaded plugin memorymap (category:base,tabindex:4)
2025-03-24 22:57:22,942 [INFO] PluginManage:310 - Check plugin pinoutandconfiguration
2025-03-24 22:57:22,954 [INFO] PluginManage:359 - Loaded plugin pinoutandconfiguration (category:base,tabindex:1)
2025-03-24 22:57:22,954 [INFO] PluginManage:310 - Check plugin pinoutconfig
2025-03-24 22:57:23,079 [WARN] SupportedApi:132 - Cannot load RTOS API schema: s4s-elt-must-match.1: The content of 'definitions' must match (annotation?, (simpleType | complexType)?, (unique | key | keyref)*)). A problem was found starting at: attribute.
2025-03-24 22:57:23,251 [INFO] PluginManage:359 - Loaded plugin pinoutconfig (category:base,tabindex:0)
2025-03-24 22:57:23,251 [INFO] PluginManage:310 - Check plugin power
2025-03-24 22:57:23,266 [INFO] PluginManage:359 - Loaded plugin power (category:power,tabindex:4)
2025-03-24 22:57:23,266 [INFO] PluginManage:310 - Check plugin projectmanager
2025-03-24 22:57:23,290 [INFO] PluginManage:359 - Loaded plugin projectmanager (category:projectmanager,tabindex:4)
2025-03-24 22:57:23,290 [INFO] PluginManage:310 - Check plugin rif
2025-03-24 22:57:23,297 [INFO] PluginManage:359 - Loaded plugin rif (category:base,tabindex:3)
2025-03-24 22:57:23,297 [INFO] PluginManage:310 - Check plugin thirdparty
2025-03-24 22:57:23,467 [INFO] PluginManage:359 - Loaded plugin thirdparty (category:base,tabindex:-1)
2025-03-24 22:57:23,466 [WARN] IntegrityCheckThread:84 - waiting for thirdparty lock release [integrity check]
2025-03-24 22:57:23,467 [INFO] PluginManage:310 - Check plugin tools
2025-03-24 22:57:23,467 [INFO] IntegrityCheckThread:86 - entering critical section [integrity check]
2025-03-24 22:57:23,467 [INFO] ThirdPartyUpdaterWithRetryManager:70 - Updater plugin not ready yet. [1/15]
2025-03-24 22:57:23,470 [INFO] PluginManage:359 - Loaded plugin tools (category:base,tabindex:7)
2025-03-24 22:57:23,471 [INFO] PluginManage:310 - Check plugin tutovideos
2025-03-24 22:57:23,711 [INFO] PluginManage:359 - Loaded plugin tutovideos (category:base,tabindex:-1)
2025-03-24 22:57:23,711 [INFO] PluginManage:310 - Check plugin updater
2025-03-24 22:57:23,741 [INFO] PluginManage:359 - Loaded plugin updater (category:base,tabindex:12)
2025-03-24 22:57:23,742 [INFO] PluginManage:310 - Check plugin userauth
2025-03-24 22:57:23,749 [INFO] UserAuth:118 - Init User Auth plugin
2025-03-24 22:57:23,751 [INFO] PluginManage:359 - Loaded plugin userauth (category:base,tabindex:14)
2025-03-24 22:57:23,752 [INFO] PluginManage:283 - PluginManage : Loaded plugins [18]
2025-03-24 22:57:24,030 [INFO] PinOutPanel:1589 - setPackage(No Configuration,No Configuration)
2025-03-24 22:57:24,136 [INFO] CADModel:165 - CPN selected for project level
2025-03-24 22:57:24,137 [INFO] CADModel:114 - Register for checkConnection events
2025-03-24 22:57:24,156 [INFO] IPUIPlugin:80 - create IPUIPlugin
2025-03-24 22:57:24,156 [INFO] PluginManager:220 - loadIPPluginJar : add adc
2025-03-24 22:57:24,159 [INFO] IPUIPlugin:80 - create IPUIPlugin
2025-03-24 22:57:24,159 [INFO] PluginManager:220 - loadIPPluginJar : add aes
2025-03-24 22:57:24,162 [INFO] IPUIPlugin:80 - create IPUIPlugin
2025-03-24 22:57:24,163 [INFO] PluginManager:220 - loadIPPluginJar : add can
2025-03-24 22:57:24,165 [INFO] IPUIPlugin:80 - create IPUIPlugin
2025-03-24 22:57:24,165 [INFO] PluginManager:220 - loadIPPluginJar : add comp
2025-03-24 22:57:24,167 [INFO] IPUIPlugin:80 - create IPUIPlugin
2025-03-24 22:57:24,168 [INFO] PluginManager:220 - loadIPPluginJar : add cryp
2025-03-24 22:57:24,171 [INFO] IPUIPlugin:80 - create IPUIPlugin
2025-03-24 22:57:24,171 [INFO] PluginManager:220 - loadIPPluginJar : add ddr_ctrl_phy
2025-03-24 22:57:24,173 [INFO] IPUIPlugin:80 - create IPUIPlugin
2025-03-24 22:57:24,174 [INFO] PluginManager:220 - loadIPPluginJar : add dfsdm
2025-03-24 22:57:24,179 [INFO] IPUIPlugin:80 - create IPUIPlugin
2025-03-24 22:57:24,180 [INFO] PluginManager:220 - loadIPPluginJar : add dma
2025-03-24 22:57:24,183 [INFO] IPUIPlugin:80 - create IPUIPlugin
2025-03-24 22:57:24,184 [INFO] PluginManager:220 - loadIPPluginJar : add dma3
2025-03-24 22:57:24,187 [INFO] IPUIPlugin:80 - create IPUIPlugin
2025-03-24 22:57:24,187 [INFO] PluginManager:220 - loadIPPluginJar : add extmemmanager
2025-03-24 22:57:24,190 [INFO] IPUIPlugin:80 - create IPUIPlugin
2025-03-24 22:57:24,190 [INFO] PluginManager:220 - loadIPPluginJar : add fatfs
2025-03-24 22:57:24,196 [INFO] IPUIPlugin:80 - create IPUIPlugin
2025-03-24 22:57:24,196 [INFO] PluginManager:220 - loadIPPluginJar : add fmc
2025-03-24 22:57:24,215 [INFO] IPUIPlugin:80 - create IPUIPlugin
2025-03-24 22:57:24,215 [INFO] PluginManager:220 - loadIPPluginJar : add freertos
2025-03-24 22:57:24,218 [INFO] IPUIPlugin:80 - create IPUIPlugin
2025-03-24 22:57:24,218 [INFO] PluginManager:220 - loadIPPluginJar : add genericplugin
2025-03-24 22:57:24,221 [INFO] IPUIPlugin:80 - create IPUIPlugin
2025-03-24 22:57:24,221 [INFO] PluginManager:220 - loadIPPluginJar : add gfxmmu
2025-03-24 22:57:24,230 [INFO] IPUIPlugin:80 - create IPUIPlugin
2025-03-24 22:57:24,231 [INFO] PluginManager:220 - loadIPPluginJar : add gic
2025-03-24 22:57:24,237 [INFO] IPUIPlugin:80 - create IPUIPlugin
2025-03-24 22:57:24,237 [INFO] PluginManager:220 - loadIPPluginJar : add gpio
2025-03-24 22:57:24,242 [INFO] IPUIPlugin:80 - create IPUIPlugin
2025-03-24 22:57:24,242 [INFO] PluginManager:220 - loadIPPluginJar : add gtzc
2025-03-24 22:57:24,247 [INFO] IPUIPlugin:80 - create IPUIPlugin
2025-03-24 22:57:24,248 [INFO] PluginManager:220 - loadIPPluginJar : add hash
2025-03-24 22:57:24,252 [INFO] IPUIPlugin:80 - create IPUIPlugin
2025-03-24 22:57:24,253 [INFO] PluginManager:220 - loadIPPluginJar : add i2c
2025-03-24 22:57:24,257 [INFO] IPUIPlugin:80 - create IPUIPlugin
2025-03-24 22:57:24,257 [INFO] PluginManager:220 - loadIPPluginJar : add i2s
2025-03-24 22:57:24,263 [INFO] IPUIPlugin:80 - create IPUIPlugin
2025-03-24 22:57:24,264 [INFO] PluginManager:220 - loadIPPluginJar : add i3c
2025-03-24 22:57:24,269 [INFO] IPUIPlugin:80 - create IPUIPlugin
2025-03-24 22:57:24,269 [INFO] PluginManager:220 - loadIPPluginJar : add ipddr
2025-03-24 22:57:24,282 [INFO] IPUIPlugin:80 - create IPUIPlugin
2025-03-24 22:57:24,282 [INFO] PluginManager:220 - loadIPPluginJar : add linkedlist
2025-03-24 22:57:24,288 [INFO] IPUIPlugin:80 - create IPUIPlugin
2025-03-24 22:57:24,288 [INFO] PluginManager:220 - loadIPPluginJar : add lorawan
2025-03-24 22:57:24,290 [INFO] IPUIPlugin:80 - create IPUIPlugin
2025-03-24 22:57:24,291 [INFO] PluginManager:220 - loadIPPluginJar : add ltdc
2025-03-24 22:57:24,300 [INFO] IPUIPlugin:80 - create IPUIPlugin
2025-03-24 22:57:24,300 [INFO] PluginManager:220 - loadIPPluginJar : add mdma
2025-03-24 22:57:24,305 [INFO] IPUIPlugin:80 - create IPUIPlugin
2025-03-24 22:57:24,305 [INFO] PluginManager:220 - loadIPPluginJar : add nvic
2025-03-24 22:57:24,310 [INFO] IPUIPlugin:80 - create IPUIPlugin
2025-03-24 22:57:24,310 [INFO] PluginManager:220 - loadIPPluginJar : add opamp
2025-03-24 22:57:24,316 [INFO] IPUIPlugin:80 - create IPUIPlugin
2025-03-24 22:57:24,316 [INFO] PluginManager:220 - loadIPPluginJar : add openamp
2025-03-24 22:57:24,319 [INFO] IPUIPlugin:80 - create IPUIPlugin
2025-03-24 22:57:24,320 [INFO] PluginManager:220 - loadIPPluginJar : add pdm2pcm
2025-03-24 22:57:24,328 [INFO] IPUIPlugin:80 - create IPUIPlugin
2025-03-24 22:57:24,332 [INFO] PluginManager:220 - loadIPPluginJar : add plateformsettings
2025-03-24 22:57:24,335 [INFO] IPUIPlugin:80 - create IPUIPlugin
2025-03-24 22:57:24,335 [INFO] PluginManager:220 - loadIPPluginJar : add quadspi
2025-03-24 22:57:24,338 [INFO] IPUIPlugin:80 - create IPUIPlugin
2025-03-24 22:57:24,338 [INFO] PluginManager:220 - loadIPPluginJar : add radio
2025-03-24 22:57:24,344 [INFO] IPUIPlugin:80 - create IPUIPlugin
2025-03-24 22:57:24,344 [INFO] PluginManager:220 - loadIPPluginJar : add resmgrutility
2025-03-24 22:57:24,349 [INFO] IPUIPlugin:80 - create IPUIPlugin
2025-03-24 22:57:24,350 [INFO] PluginManager:220 - loadIPPluginJar : add sai
2025-03-24 22:57:24,354 [INFO] IPUIPlugin:80 - create IPUIPlugin
2025-03-24 22:57:24,354 [INFO] PluginManager:220 - loadIPPluginJar : add spi
2025-03-24 22:57:24,363 [INFO] IPUIPlugin:80 - create IPUIPlugin
2025-03-24 22:57:24,364 [INFO] PluginManager:220 - loadIPPluginJar : add stm32_wpan
2025-03-24 22:57:24,366 [INFO] IPUIPlugin:80 - create IPUIPlugin
2025-03-24 22:57:24,367 [INFO] PluginManager:220 - loadIPPluginJar : add tim
2025-03-24 22:57:24,371 [INFO] IPUIPlugin:80 - create IPUIPlugin
2025-03-24 22:57:24,371 [INFO] PluginManager:220 - loadIPPluginJar : add touchsensing
2025-03-24 22:57:24,374 [INFO] IPUIPlugin:80 - create IPUIPlugin
2025-03-24 22:57:24,374 [INFO] PluginManager:220 - loadIPPluginJar : add tracer_emb
2025-03-24 22:57:24,377 [INFO] IPUIPlugin:80 - create IPUIPlugin
2025-03-24 22:57:24,377 [INFO] PluginManager:220 - loadIPPluginJar : add ts
2025-03-24 22:57:24,380 [INFO] IPUIPlugin:80 - create IPUIPlugin
2025-03-24 22:57:24,380 [INFO] PluginManager:220 - loadIPPluginJar : add tsc
2025-03-24 22:57:24,382 [INFO] IPUIPlugin:80 - create IPUIPlugin
2025-03-24 22:57:24,383 [INFO] PluginManager:220 - loadIPPluginJar : add ucpd
2025-03-24 22:57:24,386 [INFO] IPUIPlugin:80 - create IPUIPlugin
2025-03-24 22:57:24,387 [INFO] PluginManager:220 - loadIPPluginJar : add usart
2025-03-24 22:57:24,390 [INFO] IPUIPlugin:80 - create IPUIPlugin
2025-03-24 22:57:24,391 [INFO] PluginManager:220 - loadIPPluginJar : add usbx
2025-03-24 22:57:24,545 [FATAL] Updater:351 - Updater called before beeing initialized
2025-03-24 22:57:24,574 [INFO] RulesReader:64 - Compatibility file has been processed (301 Rules)
2025-03-24 22:57:24,587 [INFO] RulesReader:64 - Compatibility file has been processed (301 Rules)
2025-03-24 22:57:24,600 [INFO] CADModel:165 - CPN selected for project level
2025-03-24 22:57:24,601 [INFO] CADModel:114 - Register for checkConnection events
2025-03-24 22:57:24,601 [FATAL] Updater:351 - Updater called before beeing initialized
2025-03-24 22:57:24,601 [ERROR] CADModel:125 - Updater not yet initialized, retry later 
2025-03-24 22:57:24,777 [FATAL] Updater:351 - Updater called before beeing initialized
2025-03-24 22:57:24,779 [INFO] CADModel:165 - CPN selected for project level
2025-03-24 22:57:24,779 [INFO] CADModel:114 - Register for checkConnection events
2025-03-24 22:57:24,779 [FATAL] Updater:351 - Updater called before beeing initialized
2025-03-24 22:57:24,779 [ERROR] CADModel:125 - Updater not yet initialized, retry later 
2025-03-24 22:57:24,785 [FATAL] Updater:351 - Updater called before beeing initialized
2025-03-24 22:57:24,946 [FATAL] Updater:351 - Updater called before beeing initialized
2025-03-24 22:57:24,956 [INFO] DbMcusAds:53 - JSON generation date=Thu Mar 06 16:54:21 EET 2025 (1741272861825)
2025-03-24 22:57:24,956 [FATAL] Updater:351 - Updater called before beeing initialized
2025-03-24 22:57:24,998 [WARN] DetailPanel:346 - Failed to get advertising image, set to default
2025-03-24 22:57:25,323 [FATAL] Updater:351 - Updater called before beeing initialized
2025-03-24 22:57:25,325 [FATAL] Updater:351 - Updater called before beeing initialized
2025-03-24 22:57:25,325 [FATAL] Updater:351 - Updater called before beeing initialized
2025-03-24 22:57:25,325 [WARN] DetailPanel:346 - Failed to get advertising image, set to default
2025-03-24 22:57:25,326 [FATAL] Updater:351 - Updater called before beeing initialized
2025-03-24 22:57:25,394 [ERROR] Updater:1198 - MainUpdater not yet initialized. External WinMGr cannot be set.
2025-03-24 22:57:25,397 [INFO] Updater:1134 - Updater Version found : 6.14.0
2025-03-24 22:57:25,415 [INFO] ApplicationProperties:184 - Using Application install path: C:\ST\STM32CubeIDE_1.18.0\STM32CubeIDE\plugins\com.st.stm32cube.common.mx_6.14.0.202502271554
2025-03-24 22:57:25,899 [INFO] MainUpdater:2872 - connection check result : 10
2025-03-24 22:57:25,901 [INFO] MainUpdater:289 - Updater Check For Update Now.
2025-03-24 22:57:25,901 [INFO] MicroXplorer:498 - Change Database Version : DB.6.0.140
2025-03-24 22:57:25,912 [INFO] McuFinderGlobals:63 - Set McuFinder mode to 2 (CubeIDE integrated)
2025-03-24 22:57:25,913 [INFO] UserAuth:486 - Internet connection configuration mode: 1
2025-03-24 22:57:25,945 [INFO] JxBrowserEngine:152 - Initiate JxBrowser Engine with user profile folder
2025-03-24 22:57:26,122 [INFO] CheckServerUpdateThread:120 - End of CheckServer Thread
2025-03-24 22:57:26,880 [INFO] WebApp:169 - Instantiating new browser for Auth
2025-03-24 22:57:26,987 [WARN] PackLoader:240 - Cannot read IP mode file for STMicroelectronics.FP-SNS-MOTENVWB1.1.4.0
2025-03-24 22:57:27,003 [WARN] PackLoader:240 - Cannot read IP mode file for STMicroelectronics.FP-ATR-ASTRA1.2.0.2
2025-03-24 22:57:27,023 [WARN] PackLoader:240 - Cannot read IP mode file for STMicroelectronics.X-CUBE-SMBUS.2.1.0
2025-03-24 22:57:27,037 [WARN] PackLoader:240 - Cannot read IP mode file for STMicroelectronics.X-CUBE-WB05N.1.1.0
2025-03-24 22:57:27,046 [WARN] PackLoader:240 - Cannot read IP mode file for STMicroelectronics.X-CUBE-TOUCHGFX.4.23.0
2025-03-24 22:57:27,052 [WARN] PackLoader:240 - Cannot read IP mode file for STMicroelectronics.X-CUBE-TOUCHGFX.4.23.2
2025-03-24 22:57:27,126 [WARN] PackLoader:240 - Cannot read IP mode file for STMicroelectronics.X-CUBE-AZRTOS-F7.1.1.0
2025-03-24 22:57:27,144 [WARN] PackLoader:240 - Cannot read IP mode file for STMicroelectronics.FP-SNS-MOTENV1.4.3.2
2025-03-24 22:57:27,311 [WARN] PackLoader:240 - Cannot read IP mode file for STMicroelectronics.X-CUBE-MEMS1.11.0.0
2025-03-24 22:57:27,554 [WARN] PackLoader:240 - Cannot read IP mode file for STMicroelectronics.FP-SNS-FLIGHT1.5.0.2
2025-03-24 22:57:27,566 [WARN] PackLoader:240 - Cannot read IP mode file for STMicroelectronics.X-CUBE-DISPLAY.3.0.0
2025-03-24 22:57:27,576 [WARN] PackLoader:240 - Cannot read IP mode file for STMicroelectronics.X-CUBE-BLE1.7.0.0
2025-03-24 22:57:27,583 [WARN] PackLoader:240 - Cannot read IP mode file for STMicroelectronics.X-CUBE-NFC10.1.0.0
2025-03-24 22:57:27,593 [WARN] PackLoader:240 - Cannot read IP mode file for STMicroelectronics.X-CUBE-BLEMGR.4.0.0
2025-03-24 22:57:27,602 [WARN] PackLoader:240 - Cannot read IP mode file for emotas.I-CUBE-CANOPEN.1.3.0
2025-03-24 22:57:27,606 [WARN] PackLoader:240 - Cannot read IP mode file for STMicroelectronics.X-CUBE-TOUCHGFX.4.22.1
2025-03-24 22:57:27,609 [WARN] ConditionMgr:438 - getConditionDescription Invalid condition id : Cortex-A Device cause : null
2025-03-24 22:57:27,627 [WARN] ConditionMgr:1044 - genDependencies : Invalid condition id : Cortex-A Device cause : null
2025-03-24 22:57:27,627 [WARN] ConditionMgr:1044 - genDependencies : Invalid condition id : Cortex-A Device cause : null
2025-03-24 22:57:27,627 [WARN] ConditionMgr:1044 - genDependencies : Invalid condition id : Cortex-A Device cause : null
2025-03-24 22:57:27,635 [WARN] PackLoader:240 - Cannot read IP mode file for STMicroelectronics.X-CUBE-BLEMGR.3.1.0
2025-03-24 22:57:27,641 [WARN] PackLoader:240 - Cannot read IP mode file for STMicroelectronics.X-CUBE-AI.10.0.0
2025-03-24 22:57:27,647 [WARN] PackLoader:240 - Cannot read IP mode file for STMicroelectronics.FP-SNS-SMARTAG2.1.2.0
2025-03-24 22:57:27,652 [WARN] PackLoader:240 - Cannot read IP mode file for STMicroelectronics.FP-SNS-FLIGHT1.5.1.0
2025-03-24 22:57:27,706 [WARN] PackLoader:240 - Cannot read IP mode file for STMicroelectronics.X-CUBE-MEMS1.11.1.0
2025-03-24 22:57:27,959 [INFO] LogOutputStream:77 - [STDOUT_REDIRECT] 1 : Invalid condition id : UX_CORESTACK_Condition cause : null
2025-03-24 22:57:27,960 [INFO] LogOutputStream:77 - [STDOUT_REDIRECT] 1 : Invalid condition id : UX_CORESTACK_Condition cause : null
2025-03-24 22:57:27,962 [INFO] LogOutputStream:77 - [STDOUT_REDIRECT] 1 : Invalid condition id : UX_CORESTACK_Condition cause : null
2025-03-24 22:57:27,965 [INFO] LogOutputStream:77 - [STDOUT_REDIRECT] 1 : Invalid condition id : UX_CORESTACK_Condition cause : null
2025-03-24 22:57:27,967 [INFO] LogOutputStream:77 - [STDOUT_REDIRECT] 1 : Invalid condition id : UX_CORESTACK_Condition cause : null
2025-03-24 22:57:27,971 [WARN] PackLoader:240 - Cannot read IP mode file for STMicroelectronics.X-CUBE-AZRTOS-WL.2.0.0
2025-03-24 22:57:27,978 [WARN] PackLoader:240 - Cannot read IP mode file for STMicroelectronics.FP-SNS-MOTENV1.5.0.0
2025-03-24 22:57:27,984 [WARN] PackLoader:240 - Cannot read IP mode file for wolfSSL.I-CUBE-wolfMQTT.1.19.0
2025-03-24 22:57:27,992 [WARN] PackLoader:240 - Cannot read IP mode file for WES.I-CUBE-Cesium.1.3.0
2025-03-24 22:57:27,996 [WARN] PackLoader:240 - Cannot read IP mode file for STMicroelectronics.X-CUBE-BLE2.3.3.0
2025-03-24 22:57:28,004 [WARN] PackLoader:240 - Cannot read IP mode file for STMicroelectronics.X-CUBE-NFC9.1.0.0
2025-03-24 22:57:28,011 [WARN] PackLoader:240 - Cannot read IP mode file for STMicroelectronics.X-CUBE-BLE1.7.1.0
2025-03-24 22:57:28,017 [WARN] PackLoader:240 - Cannot read IP mode file for STMicroelectronics.X-CUBE-TCPP.4.1.0
2025-03-24 22:57:28,031 [WARN] PackLoader:240 - Cannot read IP mode file for STMicroelectronics.X-CUBE-ALGOBUILD.1.3.0
2025-03-24 22:57:28,055 [WARN] PackLoader:240 - Cannot read IP mode file for STMicroelectronics.X-CUBE-AZRTOS-G0.1.1.0
2025-03-24 22:57:28,066 [WARN] PackLoader:240 - Cannot read IP mode file for STMicroelectronics.X-CUBE-SAFEA1.1.2.2
2025-03-24 22:57:28,074 [WARN] PackLoader:240 - Cannot read IP mode file for STMicroelectronics.X-CUBE-NFC4.3.0.0
2025-03-24 22:57:28,088 [WARN] PackLoader:240 - Cannot read IP mode file for EmbeddedOffice.I-CUBE-FS-RTOS.1.0.1
2025-03-24 22:57:28,103 [WARN] PackLoader:240 - Cannot read IP mode file for STMicroelectronics.X-CUBE-BLEMGR.3.0.0
2025-03-24 22:57:28,113 [WARN] PackLoader:240 - Cannot read IP mode file for STMicroelectronics.X-CUBE-TCPP.4.2.0
2025-03-24 22:57:28,122 [WARN] PackLoader:240 - Cannot read IP mode file for RealThread.X-CUBE-RT-Thread_Nano.4.1.1
2025-03-24 22:57:28,126 [WARN] PackLoader:240 - Cannot read IP mode file for STMicroelectronics.FP-ATR-SIGFOX1.3.2.0
2025-03-24 22:57:28,135 [WARN] PackLoader:240 - Cannot read IP mode file for STMicroelectronics.X-CUBE-EEPRMA1.5.1.0
2025-03-24 22:57:28,217 [WARN] PackLoader:240 - Cannot read IP mode file for SEGGER.I-CUBE-embOS.1.3.1
2025-03-24 22:57:28,277 [WARN] PackLoader:240 - Cannot read IP mode file for STMicroelectronics.X-CUBE-ALGOBUILD.1.4.0
2025-03-24 22:57:28,283 [WARN] PackLoader:240 - Cannot read IP mode file for STMicroelectronics.X-CUBE-AI.9.1.0
2025-03-24 22:57:28,293 [WARN] PackLoader:240 - Cannot read IP mode file for STMicroelectronics.X-CUBE-GNSS1.6.0.0
2025-03-24 22:57:28,330 [WARN] PackLoader:240 - Cannot read IP mode file for STMicroelectronics.X-CUBE-AZRTOS-F4.1.1.0
2025-03-24 22:57:28,340 [WARN] PackLoader:240 - Cannot read IP mode file for wolfSSL.I-CUBE-wolfSSL.5.6.3
2025-03-24 22:57:28,346 [WARN] PackLoader:240 - Cannot read IP mode file for STMicroelectronics.X-CUBE-ISPU.2.1.0
2025-03-24 22:57:28,351 [WARN] PackLoader:240 - Cannot read IP mode file for STMicroelectronics.X-CUBE-FREERTOS.1.2.0
2025-03-24 22:57:28,374 [WARN] PackLoader:240 - Cannot read IP mode file for STMicroelectronics.X-CUBE-AZRTOS-L5.2.0.0
2025-03-24 22:57:28,512 [WARN] PackLoader:240 - Cannot read IP mode file for STMicroelectronics.X-CUBE-MEMS1.9.6.0
2025-03-24 22:57:28,656 [INFO] WebApp:463 - Apply proxy settings
2025-03-24 22:57:28,656 [INFO] WebApp:548 - Chromium requires no authentication
2025-03-24 22:57:28,677 [INFO] WebApp:491 - Direct internet connection detected
2025-03-24 22:57:28,720 [WARN] PackLoader:240 - Cannot read IP mode file for STMicroelectronics.X-CUBE-EEPRMA1.4.2.0
2025-03-24 22:57:28,728 [INFO] WebApp:894 - Register for checkConnection events
2025-03-24 22:57:28,729 [INFO] WebApp:463 - Apply proxy settings
2025-03-24 22:57:28,729 [INFO] WebApp:548 - Chromium requires no authentication
2025-03-24 22:57:28,730 [INFO] WebApp:491 - Direct internet connection detected
2025-03-24 22:57:28,733 [WARN] PackLoader:240 - Cannot read IP mode file for STMicroelectronics.X-CUBE-NFC6.3.1.0
2025-03-24 22:57:28,749 [WARN] PackLoader:240 - Cannot read IP mode file for ITTIA_DB.I-CUBE-ITTIADB.8.8.0
2025-03-24 22:57:28,760 [WARN] PackLoader:240 - Cannot read IP mode file for STMicroelectronics.X-CUBE-BLEMGR.2.0.0
2025-03-24 22:57:28,773 [WARN] PackLoader:240 - Cannot read IP mode file for STMicroelectronics.X-CUBE-DPower.1.2.0
2025-03-24 22:57:28,782 [WARN] PackLoader:240 - Cannot read IP mode file for STMicroelectronics.X-CUBE-AI.9.0.0
2025-03-24 22:57:28,815 [WARN] ConditionMgr:438 - getConditionDescription Invalid condition id : UX DEVICE CLASS RTOS Condition cause : null
2025-03-24 22:57:28,816 [WARN] ConditionMgr:438 - getConditionDescription Invalid condition id : UX DEVICE CLASS RTOS Condition cause : null
2025-03-24 22:57:28,820 [WARN] PackLoader:240 - Cannot read IP mode file for STMicroelectronics.X-CUBE-AZRTOS-H7.3.1.0
2025-03-24 22:57:28,822 [WARN] ConditionMgr:1044 - genDependencies : Invalid condition id : UX DEVICE CLASS RTOS Condition cause : null
2025-03-24 22:57:28,822 [WARN] ConditionMgr:1044 - genDependencies : Invalid condition id : UX DEVICE CLASS RTOS Condition cause : null
2025-03-24 22:57:28,823 [WARN] ConditionMgr:1044 - genDependencies : Invalid condition id : UX DEVICE CLASS RTOS Condition cause : null
2025-03-24 22:57:28,824 [WARN] ConditionMgr:1044 - genDependencies : Invalid condition id : UX DEVICE CLASS RTOS Condition cause : null
2025-03-24 22:57:28,824 [WARN] ConditionMgr:1044 - genDependencies : Invalid condition id : UX DEVICE CLASS RTOS Condition cause : null
2025-03-24 22:57:28,834 [WARN] PackLoader:240 - Cannot read IP mode file for STMicroelectronics.X-CUBE-FREERTOS.1.3.0
2025-03-24 22:57:28,843 [WARN] PackLoader:240 - Cannot read IP mode file for STMicroelectronics.X-CUBE-NFC7.1.0.1
2025-03-24 22:57:28,851 [WARN] PackLoader:240 - Cannot read IP mode file for wolfSSL.I-CUBE-wolfTPM.3.2.0
2025-03-24 22:57:28,861 [WARN] PackLoader:240 - Cannot read IP mode file for STMicroelectronics.X-CUBE-NFC6.3.0.0
2025-03-24 22:57:28,871 [WARN] PackLoader:240 - Cannot read IP mode file for STMicroelectronics.X-CUBE-EEPRMA1.4.1.0
2025-03-24 22:57:28,878 [WARN] PackLoader:240 - Cannot read IP mode file for STMicroelectronics.X-CUBE-AI.8.1.0
2025-03-24 22:57:28,902 [WARN] ConditionMgr:438 - getConditionDescription Invalid condition id : LAN8742 Phy interface Condition cause : null
2025-03-24 22:57:28,904 [WARN] PackLoader:240 - Cannot read IP mode file for STMicroelectronics.X-CUBE-AZRTOS-L4.2.0.0
2025-03-24 22:57:28,905 [WARN] ConditionMgr:1044 - genDependencies : Invalid condition id : LAN8742 Phy interface Condition cause : null
2025-03-24 22:57:28,905 [WARN] ConditionMgr:1044 - genDependencies : Invalid condition id : LAN8742 Phy interface Condition cause : null
2025-03-24 22:57:28,905 [WARN] ConditionMgr:1044 - genDependencies : Invalid condition id : LAN8742 Phy interface Condition cause : null
2025-03-24 22:57:28,916 [WARN] PackLoader:240 - Cannot read IP mode file for STMicroelectronics.X-CUBE-SFXS2LP1.4.0.0
2025-03-24 22:57:28,922 [WARN] PackLoader:240 - Cannot read IP mode file for STMicroelectronics.X-CUBE-ISPU.1.1.0
2025-03-24 22:57:28,940 [WARN] PackLoader:240 - Cannot read IP mode file for STMicroelectronics.X-CUBE-AZRTOS-H7.3.3.0
2025-03-24 22:57:28,955 [WARN] PackLoader:240 - Cannot read IP mode file for STMicroelectronics.X-CUBE-IPS.3.0.0
2025-03-24 22:57:28,974 [WARN] ConditionMgr:438 - getConditionDescription Invalid condition id : UX DEVICE CLASS RTOS Condition cause : null
2025-03-24 22:57:28,974 [WARN] ConditionMgr:438 - getConditionDescription Invalid condition id : UX DEVICE CLASS RTOS Condition cause : null
2025-03-24 22:57:28,976 [WARN] PackLoader:240 - Cannot read IP mode file for STMicroelectronics.X-CUBE-AZRTOS-WB.2.0.0
2025-03-24 22:57:28,977 [WARN] ConditionMgr:1044 - genDependencies : Invalid condition id : UX DEVICE CLASS RTOS Condition cause : null
2025-03-24 22:57:28,978 [WARN] ConditionMgr:1044 - genDependencies : Invalid condition id : UX DEVICE CLASS RTOS Condition cause : null
2025-03-24 22:57:28,978 [WARN] ConditionMgr:1044 - genDependencies : Invalid condition id : UX DEVICE CLASS RTOS Condition cause : null
2025-03-24 22:57:28,978 [WARN] ConditionMgr:1044 - genDependencies : Invalid condition id : UX DEVICE CLASS RTOS Condition cause : null
2025-03-24 22:57:28,978 [WARN] ConditionMgr:1044 - genDependencies : Invalid condition id : UX DEVICE CLASS RTOS Condition cause : null
2025-03-24 22:57:28,986 [WARN] PackLoader:240 - Cannot read IP mode file for STMicroelectronics.X-CUBE-GNSS1.7.0.0
2025-03-24 22:57:28,994 [WARN] PackLoader:240 - Cannot read IP mode file for STMicroelectronics.X-CUBE-GNSS1.7.0.1
2025-03-24 22:57:29,002 [WARN] PackLoader:240 - Cannot read IP mode file for STMicroelectronics.X-CUBE-TOUCHGFX.4.25.0
2025-03-24 22:57:29,077 [INFO] WebApp:191 - Connection restablished
2025-03-24 22:57:29,214 [WARN] PackLoader:240 - Cannot read IP mode file for STMicroelectronics.FP-SNS-STBOX1.2.0.0
2025-03-24 22:57:29,215 [INFO] WebApp:225 - Starting web application
2025-03-24 22:57:29,216 [INFO] WebApp:593 - Web application path used C:\ST\STM32CubeIDE_1.18.0\STM32CubeIDE\plugins\com.st.stm32cube.common.mx_6.14.0.202502271554\db\plugins\mcufinder\reactClient1\index.html
2025-03-24 22:57:29,232 [WARN] PackLoader:240 - Cannot read IP mode file for STMicroelectronics.X-CUBE-SUBG2.5.0.0
2025-03-24 22:57:29,274 [WARN] PackLoader:240 - Cannot read IP mode file for STMicroelectronics.X-CUBE-AZRTOS-H7RS.1.1.0
2025-03-24 22:57:29,286 [WARN] PackLoader:240 - Cannot read IP mode file for Cesanta.I-CUBE-Mongoose.7.13.0
2025-03-24 22:57:29,299 [WARN] PackLoader:240 - Cannot read IP mode file for STMicroelectronics.X-CUBE-TOF1.3.3.1
2025-03-24 22:57:29,331 [WARN] PackLoader:240 - Cannot read IP mode file for STMicroelectronics.X-CUBE-AZRTOS-G4.2.0.0
2025-03-24 22:57:29,352 [WARN] PackLoader:240 - Cannot read IP mode file for Infineon.AIROC-Wi-Fi-Bluetooth-STM32.1.5.1
2025-03-24 22:57:29,360 [WARN] PackLoader:240 - Cannot read IP mode file for STMicroelectronics.FP-SNS-MOTENVWB1.1.3.0
2025-03-24 22:57:29,365 [WARN] PackLoader:240 - Cannot read IP mode file for STMicroelectronics.FP-SNS-MOTENVWB1.1.3.1
2025-03-24 22:57:29,381 [WARN] PackLoader:240 - Cannot read IP mode file for STMicroelectronics.X-CUBE-ISPU.2.0.0
2025-03-24 22:57:29,406 [WARN] PackLoader:240 - Cannot read IP mode file for STMicroelectronics.X-CUBE-IPS.3.1.0
2025-03-24 22:57:29,422 [WARN] PackLoader:240 - Cannot read IP mode file for STMicroelectronics.X-CUBE-ALS.1.0.2
2025-03-24 22:57:29,474 [WARN] PackLoader:240 - Cannot read IP mode file for STMicroelectronics.X-CUBE-MEMS1.10.0.0
2025-03-24 22:57:29,699 [WARN] PackLoader:240 - Cannot read IP mode file for STMicroelectronics.X-CUBE-FREERTOS.1.1.0
2025-03-24 22:57:29,704 [WARN] PackLoader:240 - Cannot read IP mode file for STMicroelectronics.X-CUBE-TOUCHGFX.4.24.0
2025-03-24 22:57:29,820 [WARN] PackLoader:240 - Cannot read IP mode file for STMicroelectronics.X-CUBE-TOUCHGFX.4.24.1
2025-03-24 22:57:29,828 [WARN] PackLoader:240 - Cannot read IP mode file for portGmbH.I-Cube-SoM-uGOAL.1.1.0
2025-03-24 22:57:29,833 [WARN] PackLoader:240 - Cannot read IP mode file for STMicroelectronics.X-CUBE-ALS.1.0.1
2025-03-24 22:57:29,853 [WARN] PackLoader:240 - Cannot read IP mode file for STMicroelectronics.X-CUBE-AZRTOS-H7RS.1.0.0
2025-03-24 22:57:29,861 [WARN] PackLoader:240 - Cannot read IP mode file for STMicroelectronics.FP-ATR-ASTRA1.2.0.0
2025-03-24 22:57:29,871 [INFO] UserAuth:486 - Internet connection configuration mode: 1
2025-03-24 22:57:29,872 [WARN] PackLoader:240 - Cannot read IP mode file for STMicroelectronics.X-CUBE-TOF1.3.4.2
2025-03-24 22:57:29,971 [WARN] PackLoader:240 - Cannot read IP mode file for STMicroelectronics.X-CUBE-TOF1.3.4.0
2025-03-24 22:57:30,015 [WARN] PackLoader:240 - Cannot read IP mode file for STMicroelectronics.X-CUBE-TOF1.3.4.1
2025-03-24 22:57:30,062 [WARN] PackLoader:240 - Cannot read IP mode file for STMicroelectronics.X-CUBE-AZRTOS-H7.3.2.0
2025-03-24 22:57:30,072 [WARN] PackLoader:240 - Cannot read IP mode file for wolfSSL.I-CUBE-wolfSSH.1.4.17
2025-03-24 22:57:30,072 [INFO] ThirdParty:978 - Integrity check success = true
2025-03-24 22:57:30,072 [INFO] IntegrityCheckThread:100 - exiting critical section [integrity check]
2025-03-24 22:57:30,073 [INFO] IntegrityCheckThread:103 - End integrity checks thread
